Classic Timing Analyzer report for LabWork1
Thu Sep 09 18:08:51 2021
Quartus II Version 9.1 Build 222 10/21/2009 SJ Web Edition


---------------------
; Table of Contents ;
---------------------
  1. Legal Notice
  2. Timing Analyzer Summary
  3. Timing Analyzer Settings
  4. Parallel Compilation
  5. tpd
  6. Timing Analyzer Messages



----------------
; Legal Notice ;
----------------
Copyright (C) 1991-2009 Altera Corporation
Your use of Altera Corporation's design tools, logic functions 
and other software and tools, and its AMPP partner logic 
functions, and any output files from any of the foregoing 
(including device programming or simulation files), and any 
associated documentation or information are expressly subject 
to the terms and conditions of the Altera Program License 
Subscription Agreement, Altera MegaCore Function License 
Agreement, or other applicable license agreement, including, 
without limitation, that your use is for the sole purpose of 
programming logic devices manufactured by Altera and sold by 
Altera or its authorized distributors.  Please refer to the 
applicable agreement for further details.



+--------------------------------------------------------------------------------------------------------------------------------+
; Timing Analyzer Summary                                                                                                        ;
+------------------------------+-------+---------------+-------------+------+-------------+------------+----------+--------------+
; Type                         ; Slack ; Required Time ; Actual Time ; From ; To          ; From Clock ; To Clock ; Failed Paths ;
+------------------------------+-------+---------------+-------------+------+-------------+------------+----------+--------------+
; Worst-case tpd               ; N/A   ; None          ; 10.376 ns   ; a3   ; a_greater_b ; --         ; --       ; 0            ;
; Total number of failed paths ;       ;               ;             ;      ;             ;            ;          ; 0            ;
+------------------------------+-------+---------------+-------------+------+-------------+------------+----------+--------------+


+-----------------------------------------------------------------------------------------------------------------------------------------------------+
; Timing Analyzer Settings                                                                                                                            ;
+------------------------------------------------------------------------------------------------------+--------------------+------+----+-------------+
; Option                                                                                               ; Setting            ; From ; To ; Entity Name ;
+------------------------------------------------------------------------------------------------------+--------------------+------+----+-------------+
; Device Name                                                                                          ; EP2S15F484C3       ;      ;    ;             ;
; Timing Models                                                                                        ; Final              ;      ;    ;             ;
; Default hold multicycle                                                                              ; Same as Multicycle ;      ;    ;             ;
; Cut paths between unrelated clock domains                                                            ; On                 ;      ;    ;             ;
; Cut off read during write signal paths                                                               ; On                 ;      ;    ;             ;
; Cut off feedback from I/O pins                                                                       ; On                 ;      ;    ;             ;
; Report Combined Fast/Slow Timing                                                                     ; Off                ;      ;    ;             ;
; Ignore Clock Settings                                                                                ; Off                ;      ;    ;             ;
; Analyze latches as synchronous elements                                                              ; On                 ;      ;    ;             ;
; Enable Recovery/Removal analysis                                                                     ; Off                ;      ;    ;             ;
; Enable Clock Latency                                                                                 ; Off                ;      ;    ;             ;
; Use TimeQuest Timing Analyzer                                                                        ; Off                ;      ;    ;             ;
; Number of source nodes to report per destination node                                                ; 10                 ;      ;    ;             ;
; Number of destination nodes to report                                                                ; 10                 ;      ;    ;             ;
; Number of paths to report                                                                            ; 200                ;      ;    ;             ;
; Report Minimum Timing Checks                                                                         ; Off                ;      ;    ;             ;
; Use Fast Timing Models                                                                               ; Off                ;      ;    ;             ;
; Report IO Paths Separately                                                                           ; Off                ;      ;    ;             ;
; Perform Multicorner Analysis                                                                         ; On                 ;      ;    ;             ;
; Reports the worst-case path for each clock domain and analysis                                       ; Off                ;      ;    ;             ;
; Reports worst-case timing paths for each clock domain and analysis                                   ; Off                ;      ;    ;             ;
; Specifies the maximum number of worst-case timing paths to report for each clock domain and analysis ; 100                ;      ;    ;             ;
; Removes common clock path pessimism (CCPP) during slack computation                                  ; Off                ;      ;    ;             ;
; Output I/O Timing Endpoint                                                                           ; Near End           ;      ;    ;             ;
+------------------------------------------------------------------------------------------------------+--------------------+------+----+-------------+


Parallel compilation was disabled, but you have multiple processors available. Enable parallel compilation to reduce compilation time.
+-------------------------------------+
; Parallel Compilation                ;
+----------------------------+--------+
; Processors                 ; Number ;
+----------------------------+--------+
; Number detected on machine ; 2      ;
; Maximum allowed            ; 1      ;
+----------------------------+--------+


+------------------------------------------------------------------+
; tpd                                                              ;
+-------+-------------------+-----------------+------+-------------+
; Slack ; Required P2P Time ; Actual P2P Time ; From ; To          ;
+-------+-------------------+-----------------+------+-------------+
; N/A   ; None              ; 10.376 ns       ; a3   ; a_greater_b ;
; N/A   ; None              ; 10.105 ns       ; b4   ; a_greater_b ;
; N/A   ; None              ; 9.966 ns        ; a3   ; a_less_b    ;
; N/A   ; None              ; 9.695 ns        ; b4   ; a_less_b    ;
; N/A   ; None              ; 9.634 ns        ; b3   ; a_greater_b ;
; N/A   ; None              ; 9.614 ns        ; a3   ; a_equals_b  ;
; N/A   ; None              ; 9.608 ns        ; a1   ; a_greater_b ;
; N/A   ; None              ; 9.475 ns        ; b4   ; a_equals_b  ;
; N/A   ; None              ; 9.299 ns        ; a4   ; a_greater_b ;
; N/A   ; None              ; 9.283 ns        ; b1   ; a_greater_b ;
; N/A   ; None              ; 9.245 ns        ; b2   ; a_greater_b ;
; N/A   ; None              ; 9.224 ns        ; b3   ; a_less_b    ;
; N/A   ; None              ; 9.198 ns        ; a1   ; a_less_b    ;
; N/A   ; None              ; 8.985 ns        ; a1   ; a_equals_b  ;
; N/A   ; None              ; 8.899 ns        ; a2   ; a_greater_b ;
; N/A   ; None              ; 8.889 ns        ; a4   ; a_less_b    ;
; N/A   ; None              ; 8.873 ns        ; b3   ; a_equals_b  ;
; N/A   ; None              ; 8.870 ns        ; b1   ; a_less_b    ;
; N/A   ; None              ; 8.834 ns        ; b2   ; a_less_b    ;
; N/A   ; None              ; 8.655 ns        ; b1   ; a_equals_b  ;
; N/A   ; None              ; 8.624 ns        ; b2   ; a_equals_b  ;
; N/A   ; None              ; 8.539 ns        ; a4   ; a_equals_b  ;
; N/A   ; None              ; 8.489 ns        ; a2   ; a_less_b    ;
; N/A   ; None              ; 8.277 ns        ; a2   ; a_equals_b  ;
+-------+-------------------+-----------------+------+-------------+


+--------------------------+
; Timing Analyzer Messages ;
+--------------------------+
Info: *******************************************************************
Info: Running Quartus II Classic Timing Analyzer
    Info: Version 9.1 Build 222 10/21/2009 SJ Web Edition
    Info: Processing started: Thu Sep 09 18:08:50 2021
Info: Command: quartus_tan --read_settings_files=off --write_settings_files=off LabWork1 -c LabWork1 --timing_analysis_only
Info: Longest tpd from source pin "a3" to destination pin "a_greater_b" is 10.376 ns
    Info: 1: + IC(0.000 ns) + CELL(0.807 ns) = 0.807 ns; Loc. = PIN_G15; Fanout = 2; PIN Node = 'a3'
    Info: 2: + IC(4.894 ns) + CELL(0.225 ns) = 5.926 ns; Loc. = LCCOMB_X17_Y7_N2; Fanout = 2; COMB Node = 'inst24~0'
    Info: 3: + IC(0.286 ns) + CELL(0.378 ns) = 6.590 ns; Loc. = LCCOMB_X17_Y7_N28; Fanout = 1; COMB Node = 'inst24~1'
    Info: 4: + IC(1.824 ns) + CELL(1.962 ns) = 10.376 ns; Loc. = PIN_D12; Fanout = 0; PIN Node = 'a_greater_b'
    Info: Total cell delay = 3.372 ns ( 32.50 % )
    Info: Total interconnect delay = 7.004 ns ( 67.50 % )
Info: Quartus II Classic Timing Analyzer was successful. 0 errors, 0 warnings
    Info: Peak virtual memory: 0 megabytes
    Info: Processing ended: Thu Sep 09 18:08:51 2021
    Info: Elapsed time: 00:00:01
    Info: Total CPU time (on all processors): 00:00:00


